#
# A fatal error has been detected by the Java Runtime Environment:
#
#  Internal Error (macroAssembler_x86.cpp:863), pid=213828, tid=197032
#  fatal error: DEBUG MESSAGE: illegal bytecode sequence - method not verified
#
# JRE version: Java(TM) SE Runtime Environment (18.0.1+10) (build 18.0.1+10-24)
# Java VM: Java HotSpot(TM) 64-Bit Server VM (18.0.1+10-24, mixed mode, emulated-client, sharing, tiered, compressed oops, compressed class ptrs, g1 gc, windows-amd64)
# No core dump will be written. Minidumps are not enabled by default on client versions of Windows
#
# If you would like to submit a bug report, please visit:
#   https://bugreport.java.com/bugreport/crash.jsp
#

---------------  S U M M A R Y ------------

Command Line: -XX:TieredStopAtLevel=1 -Xverify:none -Dspring.output.ansi.enabled=always -Dcom.sun.management.jmxremote -Dspring.jmx.enabled=true -Dspring.liveBeansView.mbeanDomain -Dspring.application.admin.enabled=true -javaagent:C:\Program Files\JetBrains\IntelliJ IDEA 2022.1\lib\idea_rt.jar=64050:C:\Program Files\JetBrains\IntelliJ IDEA 2022.1\bin -Dfile.encoding=UTF-8 com.example.springbootimp.SpringBootImpApplication

Host: AMD Ryzen 3 3200G with Radeon Vega Graphics    , 4 cores, 13G,  Windows 10 , 64 bit Build 19041 (10.0.19041.1889)
Time: Thu Oct  6 13:33:11 2022 Jordan Daylight Time elapsed time: 1.212738 seconds (0d 0h 0m 1s)

---------------  T H R E A D  ---------------

Current thread (0x0000021ff3ea7880):  JavaThread "background-preinit" [_thread_in_Java, id=197032, stack(0x000000976c700000,0x000000976c800000)]

Stack: [0x000000976c700000,0x000000976c800000]
Native frames: (J=compiled Java code, j=interpreted, Vv=VM code, C=native code)
V  [jvm.dll+0x69887a]
V  [jvm.dll+0x7f38bd]
V  [jvm.dll+0x7f51ce]
V  [jvm.dll+0x25c78b]
V  [jvm.dll+0x5cd75e]
C  0x0000021fe1569077


---------------  P R O C E S S  ---------------

Threads class SMR info:
_java_thread_list=0x0000021ff3eb6070, length=18, elements={
0x0000021fd9c29c90, 0x0000021feed576e0, 0x0000021feed593a0, 0x0000021feed70850,
0x0000021feed713c0, 0x0000021feed72c80, 0x0000021feed7b680, 0x0000021feeda1590,
0x0000021feeda2100, 0x0000021ff30605f0, 0x0000021feee1ea70, 0x0000021ff3291410,
0x0000021ff32918d0, 0x0000021ff33fe620, 0x0000021ff3a0a120, 0x0000021ff3ab0840,
0x0000021ff3c65790, 0x0000021ff3ea7880
}

Java Threads: ( => current thread )
  0x0000021fd9c29c90 JavaThread "main" [_thread_blocked, id=165668, stack(0x000000976ab00000,0x000000976ac00000)]
  0x0000021feed576e0 JavaThread "Reference Handler" daemon [_thread_blocked, id=185812, stack(0x000000976b200000,0x000000976b300000)]
  0x0000021feed593a0 JavaThread "Finalizer" daemon [_thread_blocked, id=196060, stack(0x000000976b300000,0x000000976b400000)]
  0x0000021feed70850 JavaThread "Signal Dispatcher" daemon [_thread_blocked, id=19448, stack(0x000000976b400000,0x000000976b500000)]
  0x0000021feed713c0 JavaThread "Attach Listener" daemon [_thread_blocked, id=179836, stack(0x000000976b500000,0x000000976b600000)]
  0x0000021feed72c80 JavaThread "Service Thread" daemon [_thread_blocked, id=340768, stack(0x000000976b600000,0x000000976b700000)]
  0x0000021feed7b680 JavaThread "Monitor Deflation Thread" daemon [_thread_blocked, id=189544, stack(0x000000976b700000,0x000000976b800000)]
  0x0000021feeda1590 JavaThread "C1 CompilerThread0" daemon [_thread_blocked, id=12508, stack(0x000000976b800000,0x000000976b900000)]
  0x0000021feeda2100 JavaThread "Sweeper thread" daemon [_thread_blocked, id=334780, stack(0x000000976b900000,0x000000976ba00000)]
  0x0000021ff30605f0 JavaThread "Common-Cleaner" daemon [_thread_blocked, id=8056, stack(0x000000976ba00000,0x000000976bb00000)]
  0x0000021feee1ea70 JavaThread "C1 CompilerThread1" daemon [_thread_blocked, id=20044, stack(0x000000976bb00000,0x000000976bc00000)]
  0x0000021ff3291410 JavaThread "Monitor Ctrl-Break" daemon [_thread_in_native, id=16272, stack(0x000000976bc00000,0x000000976bd00000)]
  0x0000021ff32918d0 JavaThread "Notification Thread" daemon [_thread_blocked, id=189652, stack(0x000000976bd00000,0x000000976be00000)]
  0x0000021ff33fe620 JavaThread "RMI TCP Accept-0" daemon [_thread_in_native, id=342920, stack(0x000000976be00000,0x000000976bf00000)]
  0x0000021ff3a0a120 JavaThread "C1 CompilerThread2" daemon [_thread_blocked, id=16784, stack(0x000000976c000000,0x000000976c100000)]
  0x0000021ff3ab0840 JavaThread "Thread-0" [_thread_blocked, id=181704, stack(0x000000976c500000,0x000000976c600000)]
  0x0000021ff3c65790 JavaThread "restartedMain" [_thread_in_native, id=62828, stack(0x000000976c600000,0x000000976c700000)]
=>0x0000021ff3ea7880 JavaThread "background-preinit" [_thread_in_Java, id=197032, stack(0x000000976c700000,0x000000976c800000)]

Other Threads:
  0x0000021fd9cac1b0 VMThread "VM Thread" [stack: 0x000000976b100000,0x000000976b200000] [id=20400]
  0x0000021ff3926c90 WatcherThread "VM Periodic Task Thread" [stack: 0x000000976bf00000,0x000000976c000000] [id=31132]
  0x0000021fd9c903c0 WorkerThread "GC Thread#0" [stack: 0x000000976ac00000,0x000000976ad00000] [id=10804]
  0x0000021ff3a2ecd0 WorkerThread "GC Thread#1" [stack: 0x000000976c100000,0x000000976c200000] [id=278616]
  0x0000021ff3a2ef70 WorkerThread "GC Thread#2" [stack: 0x000000976c200000,0x000000976c300000] [id=185572]
  0x0000021ff3a2f210 WorkerThread "GC Thread#3" [stack: 0x000000976c300000,0x000000976c400000] [id=4696]
  0x0000021fd9ca0240 ConcurrentGCThread "G1 Main Marker" [stack: 0x000000976ad00000,0x000000976ae00000] [id=156556]
  0x0000021fd9ca23e0 WorkerThread "G1 Conc#0" [stack: 0x000000976ae00000,0x000000976af00000] [id=356508]
  0x0000021fd9ce05f0 ConcurrentGCThread "G1 Refine#0" [stack: 0x000000976af00000,0x000000976b000000] [id=183640]
  0x0000021ff30cc710 ConcurrentGCThread "G1 Refine#1" [stack: 0x000000976c400000,0x000000976c500000] [id=192528]
  0x0000021fd9ce0f00 ConcurrentGCThread "G1 Service" [stack: 0x000000976b000000,0x000000976b100000] [id=333544]

Threads with active compile tasks:

VM state: not at safepoint (normal execution)

VM Mutex/Monitor currently owned by a thread: None

Heap address: 0x0000000720c00000, size: 3572 MB, Compressed Oops mode: Zero based, Oop shift amount: 3

CDS archive(s) mapped at: [0x0000000800000000-0x0000000800ba0000-0x0000000800ba0000), size 12189696, SharedBaseAddress: 0x0000000800000000, ArchiveRelocationMode: 0.
Compressed class space mapped at: 0x0000000800c00000-0x0000000840c00000, reserved size: 1073741824
Narrow klass base: 0x0000000800000000, Narrow klass shift: 0, Narrow klass range: 0x100000000

GC Precious Log:
 CardTable entry size: 512
 Card Set container configuration: InlinePtr #cards 4 size 8 Array Of Cards #cards 16 size 48 Howl #buckets 8 coarsen threshold 3686 Howl Bitmap #cards 512 size 80 coarsen threshold 460 Card regions per heap region 1 cards per card region 4096
 CPUs: 4 total, 4 available
 Memory: 14284M
 Large Page Support: Disabled
 NUMA Support: Disabled
 Compressed Oops: Enabled (Zero based)
 Heap Region Size: 2M
 Heap Min Capacity: 8M
 Heap Initial Capacity: 224M
 Heap Max Capacity: 3572M
 Pre-touch: Disabled
 Parallel Workers: 4
 Concurrent Workers: 1
 Concurrent Refinement Workers: 4
 Periodic GC: Disabled

Heap:
 garbage-first heap   total 229376K, used 16037K [0x0000000720c00000, 0x0000000800000000)
  region size 2048K, 8 young (16384K), 1 survivors (2048K)
 Metaspace       used 9938K, committed 10176K, reserved 1114112K
  class space    used 1317K, committed 1408K, reserved 1048576K

Heap Regions: E=young(eden), S=young(survivor), O=old, HS=humongous(starts), HC=humongous(continues), CS=collection set, F=free, OA=open archive, CA=closed archive, TAMS=top-at-mark-start (previous, next)
|   0|0x0000000720c00000, 0x0000000720e00000, 0x0000000720e00000|100%| O|  |TAMS 0x0000000720c00000, 0x0000000720c00000| Untracked 
|   1|0x0000000720e00000, 0x0000000721000000, 0x0000000721000000|100%| O|  |TAMS 0x0000000720e00000, 0x0000000720e00000| Untracked 
|   2|0x0000000721000000, 0x0000000721111000, 0x0000000721200000| 53%| O|  |TAMS 0x0000000721000000, 0x0000000721000000| Untracked 
|   3|0x0000000721200000, 0x0000000721200000, 0x0000000721400000|  0%| F|  |TAMS 0x0000000721200000, 0x0000000721200000| Untracked 
|   4|0x0000000721400000, 0x0000000721400000, 0x0000000721600000|  0%| F|  |TAMS 0x0000000721400000, 0x0000000721400000| Untracked 
|   5|0x0000000721600000, 0x0000000721600000, 0x0000000721800000|  0%| F|  |TAMS 0x0000000721600000, 0x0000000721600000| Untracked 
|   6|0x0000000721800000, 0x0000000721800000, 0x0000000721a00000|  0%| F|  |TAMS 0x0000000721800000, 0x0000000721800000| Untracked 
|   7|0x0000000721a00000, 0x0000000721a00000, 0x0000000721c00000|  0%| F|  |TAMS 0x0000000721a00000, 0x0000000721a00000| Untracked 
|   8|0x0000000721c00000, 0x0000000721c00000, 0x0000000721e00000|  0%| F|  |TAMS 0x0000000721c00000, 0x0000000721c00000| Untracked 
|   9|0x0000000721e00000, 0x0000000721e00000, 0x0000000722000000|  0%| F|  |TAMS 0x0000000721e00000, 0x0000000721e00000| Untracked 
|  10|0x0000000722000000, 0x0000000722000000, 0x0000000722200000|  0%| F|  |TAMS 0x0000000722000000, 0x0000000722000000| Untracked 
|  11|0x0000000722200000, 0x0000000722200000, 0x0000000722400000|  0%| F|  |TAMS 0x0000000722200000, 0x0000000722200000| Untracked 
|  12|0x0000000722400000, 0x0000000722400000, 0x0000000722600000|  0%| F|  |TAMS 0x0000000722400000, 0x0000000722400000| Untracked 
|  13|0x0000000722600000, 0x0000000722600000, 0x0000000722800000|  0%| F|  |TAMS 0x0000000722600000, 0x0000000722600000| Untracked 
|  14|0x0000000722800000, 0x0000000722800000, 0x0000000722a00000|  0%| F|  |TAMS 0x0000000722800000, 0x0000000722800000| Untracked 
|  15|0x0000000722a00000, 0x0000000722a00000, 0x0000000722c00000|  0%| F|  |TAMS 0x0000000722a00000, 0x0000000722a00000| Untracked 
|  16|0x0000000722c00000, 0x0000000722c00000, 0x0000000722e00000|  0%| F|  |TAMS 0x0000000722c00000, 0x0000000722c00000| Untracked 
|  17|0x0000000722e00000, 0x0000000722e00000, 0x0000000723000000|  0%| F|  |TAMS 0x0000000722e00000, 0x0000000722e00000| Untracked 
|  18|0x0000000723000000, 0x0000000723000000, 0x0000000723200000|  0%| F|  |TAMS 0x0000000723000000, 0x0000000723000000| Untracked 
|  19|0x0000000723200000, 0x0000000723200000, 0x0000000723400000|  0%| F|  |TAMS 0x0000000723200000, 0x0000000723200000| Untracked 
|  20|0x0000000723400000, 0x0000000723400000, 0x0000000723600000|  0%| F|  |TAMS 0x0000000723400000, 0x0000000723400000| Untracked 
|  21|0x0000000723600000, 0x0000000723600000, 0x0000000723800000|  0%| F|  |TAMS 0x0000000723600000, 0x0000000723600000| Untracked 
|  22|0x0000000723800000, 0x0000000723800000, 0x0000000723a00000|  0%| F|  |TAMS 0x0000000723800000, 0x0000000723800000| Untracked 
|  23|0x0000000723a00000, 0x0000000723a00000, 0x0000000723c00000|  0%| F|  |TAMS 0x0000000723a00000, 0x0000000723a00000| Untracked 
|  24|0x0000000723c00000, 0x0000000723c00000, 0x0000000723e00000|  0%| F|  |TAMS 0x0000000723c00000, 0x0000000723c00000| Untracked 
|  25|0x0000000723e00000, 0x0000000723e00000, 0x0000000724000000|  0%| F|  |TAMS 0x0000000723e00000, 0x0000000723e00000| Untracked 
|  26|0x0000000724000000, 0x0000000724000000, 0x0000000724200000|  0%| F|  |TAMS 0x0000000724000000, 0x0000000724000000| Untracked 
|  27|0x0000000724200000, 0x0000000724200000, 0x0000000724400000|  0%| F|  |TAMS 0x0000000724200000, 0x0000000724200000| Untracked 
|  28|0x0000000724400000, 0x0000000724400000, 0x0000000724600000|  0%| F|  |TAMS 0x0000000724400000, 0x0000000724400000| Untracked 
|  29|0x0000000724600000, 0x0000000724600000, 0x0000000724800000|  0%| F|  |TAMS 0x0000000724600000, 0x0000000724600000| Untracked 
|  30|0x0000000724800000, 0x0000000724800000, 0x0000000724a00000|  0%| F|  |TAMS 0x0000000724800000, 0x0000000724800000| Untracked 
|  31|0x0000000724a00000, 0x0000000724a00000, 0x0000000724c00000|  0%| F|  |TAMS 0x0000000724a00000, 0x0000000724a00000| Untracked 
|  32|0x0000000724c00000, 0x0000000724c00000, 0x0000000724e00000|  0%| F|  |TAMS 0x0000000724c00000, 0x0000000724c00000| Untracked 
|  33|0x0000000724e00000, 0x0000000724e00000, 0x0000000725000000|  0%| F|  |TAMS 0x0000000724e00000, 0x0000000724e00000| Untracked 
|  34|0x0000000725000000, 0x0000000725000000, 0x0000000725200000|  0%| F|  |TAMS 0x0000000725000000, 0x0000000725000000| Untracked 
|  35|0x0000000725200000, 0x0000000725200000, 0x0000000725400000|  0%| F|  |TAMS 0x0000000725200000, 0x0000000725200000| Untracked 
|  36|0x0000000725400000, 0x0000000725400000, 0x0000000725600000|  0%| F|  |TAMS 0x0000000725400000, 0x0000000725400000| Untracked 
|  37|0x0000000725600000, 0x0000000725600000, 0x0000000725800000|  0%| F|  |TAMS 0x0000000725600000, 0x0000000725600000| Untracked 
|  38|0x0000000725800000, 0x0000000725800000, 0x0000000725a00000|  0%| F|  |TAMS 0x0000000725800000, 0x0000000725800000| Untracked 
|  39|0x0000000725a00000, 0x0000000725a00000, 0x0000000725c00000|  0%| F|  |TAMS 0x0000000725a00000, 0x0000000725a00000| Untracked 
|  40|0x0000000725c00000, 0x0000000725c00000, 0x0000000725e00000|  0%| F|  |TAMS 0x0000000725c00000, 0x0000000725c00000| Untracked 
|  41|0x0000000725e00000, 0x0000000725e00000, 0x0000000726000000|  0%| F|  |TAMS 0x0000000725e00000, 0x0000000725e00000| Untracked 
|  42|0x0000000726000000, 0x0000000726000000, 0x0000000726200000|  0%| F|  |TAMS 0x0000000726000000, 0x0000000726000000| Untracked 
|  43|0x0000000726200000, 0x0000000726200000, 0x0000000726400000|  0%| F|  |TAMS 0x0000000726200000, 0x0000000726200000| Untracked 
|  44|0x0000000726400000, 0x0000000726400000, 0x0000000726600000|  0%| F|  |TAMS 0x0000000726400000, 0x0000000726400000| Untracked 
|  45|0x0000000726600000, 0x0000000726600000, 0x0000000726800000|  0%| F|  |TAMS 0x0000000726600000, 0x0000000726600000| Untracked 
|  46|0x0000000726800000, 0x0000000726800000, 0x0000000726a00000|  0%| F|  |TAMS 0x0000000726800000, 0x0000000726800000| Untracked 
|  47|0x0000000726a00000, 0x0000000726a00000, 0x0000000726c00000|  0%| F|  |TAMS 0x0000000726a00000, 0x0000000726a00000| Untracked 
|  48|0x0000000726c00000, 0x0000000726c00000, 0x0000000726e00000|  0%| F|  |TAMS 0x0000000726c00000, 0x0000000726c00000| Untracked 
|  49|0x0000000726e00000, 0x0000000726e00000, 0x0000000727000000|  0%| F|  |TAMS 0x0000000726e00000, 0x0000000726e00000| Untracked 
|  50|0x0000000727000000, 0x0000000727000000, 0x0000000727200000|  0%| F|  |TAMS 0x0000000727000000, 0x0000000727000000| Untracked 
|  51|0x0000000727200000, 0x0000000727200000, 0x0000000727400000|  0%| F|  |TAMS 0x0000000727200000, 0x0000000727200000| Untracked 
|  52|0x0000000727400000, 0x0000000727400000, 0x0000000727600000|  0%| F|  |TAMS 0x0000000727400000, 0x0000000727400000| Untracked 
|  53|0x0000000727600000, 0x0000000727600000, 0x0000000727800000|  0%| F|  |TAMS 0x0000000727600000, 0x0000000727600000| Untracked 
|  54|0x0000000727800000, 0x0000000727800000, 0x0000000727a00000|  0%| F|  |TAMS 0x0000000727800000, 0x0000000727800000| Untracked 
|  55|0x0000000727a00000, 0x0000000727a00000, 0x0000000727c00000|  0%| F|  |TAMS 0x0000000727a00000, 0x0000000727a00000| Untracked 
|  56|0x0000000727c00000, 0x0000000727c00000, 0x0000000727e00000|  0%| F|  |TAMS 0x0000000727c00000, 0x0000000727c00000| Untracked 
|  57|0x0000000727e00000, 0x0000000727e00000, 0x0000000728000000|  0%| F|  |TAMS 0x0000000727e00000, 0x0000000727e00000| Untracked 
|  58|0x0000000728000000, 0x0000000728000000, 0x0000000728200000|  0%| F|  |TAMS 0x0000000728000000, 0x0000000728000000| Untracked 
|  59|0x0000000728200000, 0x0000000728200000, 0x0000000728400000|  0%| F|  |TAMS 0x0000000728200000, 0x0000000728200000| Untracked 
|  60|0x0000000728400000, 0x0000000728400000, 0x0000000728600000|  0%| F|  |TAMS 0x0000000728400000, 0x0000000728400000| Untracked 
|  61|0x0000000728600000, 0x0000000728600000, 0x0000000728800000|  0%| F|  |TAMS 0x0000000728600000, 0x0000000728600000| Untracked 
|  62|0x0000000728800000, 0x0000000728800000, 0x0000000728a00000|  0%| F|  |TAMS 0x0000000728800000, 0x0000000728800000| Untracked 
|  63|0x0000000728a00000, 0x0000000728a00000, 0x0000000728c00000|  0%| F|  |TAMS 0x0000000728a00000, 0x0000000728a00000| Untracked 
|  64|0x0000000728c00000, 0x0000000728c00000, 0x0000000728e00000|  0%| F|  |TAMS 0x0000000728c00000, 0x0000000728c00000| Untracked 
|  65|0x0000000728e00000, 0x0000000728e00000, 0x0000000729000000|  0%| F|  |TAMS 0x0000000728e00000, 0x0000000728e00000| Untracked 
|  66|0x0000000729000000, 0x0000000729000000, 0x0000000729200000|  0%| F|  |TAMS 0x0000000729000000, 0x0000000729000000| Untracked 
|  67|0x0000000729200000, 0x0000000729200000, 0x0000000729400000|  0%| F|  |TAMS 0x0000000729200000, 0x0000000729200000| Untracked 
|  68|0x0000000729400000, 0x0000000729400000, 0x0000000729600000|  0%| F|  |TAMS 0x0000000729400000, 0x0000000729400000| Untracked 
|  69|0x0000000729600000, 0x0000000729600000, 0x0000000729800000|  0%| F|  |TAMS 0x0000000729600000, 0x0000000729600000| Untracked 
|  70|0x0000000729800000, 0x0000000729800000, 0x0000000729a00000|  0%| F|  |TAMS 0x0000000729800000, 0x0000000729800000| Untracked 
|  71|0x0000000729a00000, 0x0000000729a00000, 0x0000000729c00000|  0%| F|  |TAMS 0x0000000729a00000, 0x0000000729a00000| Untracked 
|  72|0x0000000729c00000, 0x0000000729c00000, 0x0000000729e00000|  0%| F|  |TAMS 0x0000000729c00000, 0x0000000729c00000| Untracked 
|  73|0x0000000729e00000, 0x0000000729e00000, 0x000000072a000000|  0%| F|  |TAMS 0x0000000729e00000, 0x0000000729e00000| Untracked 
|  74|0x000000072a000000, 0x000000072a000000, 0x000000072a200000|  0%| F|  |TAMS 0x000000072a000000, 0x000000072a000000| Untracked 
|  75|0x000000072a200000, 0x000000072a200000, 0x000000072a400000|  0%| F|  |TAMS 0x000000072a200000, 0x000000072a200000| Untracked 
|  76|0x000000072a400000, 0x000000072a400000, 0x000000072a600000|  0%| F|  |TAMS 0x000000072a400000, 0x000000072a400000| Untracked 
|  77|0x000000072a600000, 0x000000072a600000, 0x000000072a800000|  0%| F|  |TAMS 0x000000072a600000, 0x000000072a600000| Untracked 
|  78|0x000000072a800000, 0x000000072a800000, 0x000000072aa00000|  0%| F|  |TAMS 0x000000072a800000, 0x000000072a800000| Untracked 
|  79|0x000000072aa00000, 0x000000072aa00000, 0x000000072ac00000|  0%| F|  |TAMS 0x000000072aa00000, 0x000000072aa00000| Untracked 
|  80|0x000000072ac00000, 0x000000072ac00000, 0x000000072ae00000|  0%| F|  |TAMS 0x000000072ac00000, 0x000000072ac00000| Untracked 
|  81|0x000000072ae00000, 0x000000072ae00000, 0x000000072b000000|  0%| F|  |TAMS 0x000000072ae00000, 0x000000072ae00000| Untracked 
|  82|0x000000072b000000, 0x000000072b000000, 0x000000072b200000|  0%| F|  |TAMS 0x000000072b000000, 0x000000072b000000| Untracked 
|  83|0x000000072b200000, 0x000000072b200000, 0x000000072b400000|  0%| F|  |TAMS 0x000000072b200000, 0x000000072b200000| Untracked 
|  84|0x000000072b400000, 0x000000072b400000, 0x000000072b600000|  0%| F|  |TAMS 0x000000072b400000, 0x000000072b400000| Untracked 
|  85|0x000000072b600000, 0x000000072b600000, 0x000000072b800000|  0%| F|  |TAMS 0x000000072b600000, 0x000000072b600000| Untracked 
|  86|0x000000072b800000, 0x000000072b800000, 0x000000072ba00000|  0%| F|  |TAMS 0x000000072b800000, 0x000000072b800000| Untracked 
|  87|0x000000072ba00000, 0x000000072ba00000, 0x000000072bc00000|  0%| F|  |TAMS 0x000000072ba00000, 0x000000072ba00000| Untracked 
|  88|0x000000072bc00000, 0x000000072bc00000, 0x000000072be00000|  0%| F|  |TAMS 0x000000072bc00000, 0x000000072bc00000| Untracked 
|  89|0x000000072be00000, 0x000000072be00000, 0x000000072c000000|  0%| F|  |TAMS 0x000000072be00000, 0x000000072be00000| Untracked 
|  90|0x000000072c000000, 0x000000072c000000, 0x000000072c200000|  0%| F|  |TAMS 0x000000072c000000, 0x000000072c000000| Untracked 
|  91|0x000000072c200000, 0x000000072c200000, 0x000000072c400000|  0%| F|  |TAMS 0x000000072c200000, 0x000000072c200000| Untracked 
|  92|0x000000072c400000, 0x000000072c400000, 0x000000072c600000|  0%| F|  |TAMS 0x000000072c400000, 0x000000072c400000| Untracked 
|  93|0x000000072c600000, 0x000000072c600000, 0x000000072c800000|  0%| F|  |TAMS 0x000000072c600000, 0x000000072c600000| Untracked 
|  94|0x000000072c800000, 0x000000072c800000, 0x000000072ca00000|  0%| F|  |TAMS 0x000000072c800000, 0x000000072c800000| Untracked 
|  95|0x000000072ca00000, 0x000000072ca00000, 0x000000072cc00000|  0%| F|  |TAMS 0x000000072ca00000, 0x000000072ca00000| Untracked 
|  96|0x000000072cc00000, 0x000000072cc00000, 0x000000072ce00000|  0%| F|  |TAMS 0x000000072cc00000, 0x000000072cc00000| Untracked 
|  97|0x000000072ce00000, 0x000000072ce00000, 0x000000072d000000|  0%| F|  |TAMS 0x000000072ce00000, 0x000000072ce00000| Untracked 
|  98|0x000000072d000000, 0x000000072d000000, 0x000000072d200000|  0%| F|  |TAMS 0x000000072d000000, 0x000000072d000000| Untracked 
|  99|0x000000072d200000, 0x000000072d200000, 0x000000072d400000|  0%| F|  |TAMS 0x000000072d200000, 0x000000072d200000| Untracked 
| 100|0x000000072d400000, 0x000000072d400000, 0x000000072d600000|  0%| F|  |TAMS 0x000000072d400000, 0x000000072d400000| Untracked 
| 101|0x000000072d600000, 0x000000072d600000, 0x000000072d800000|  0%| F|  |TAMS 0x000000072d600000, 0x000000072d600000| Untracked 
| 102|0x000000072d800000, 0x000000072d800000, 0x000000072da00000|  0%| F|  |TAMS 0x000000072d800000, 0x000000072d800000| Untracked 
| 103|0x000000072da00000, 0x000000072da00000, 0x000000072dc00000|  0%| F|  |TAMS 0x000000072da00000, 0x000000072da00000| Untracked 
| 104|0x000000072dc00000, 0x000000072dcda310, 0x000000072de00000| 42%| E|  |TAMS 0x000000072dc00000, 0x000000072dc00000| Complete 
| 105|0x000000072de00000, 0x000000072e000000, 0x000000072e000000|100%| E|CS|TAMS 0x000000072de00000, 0x000000072de00000| Complete 
| 106|0x000000072e000000, 0x000000072e200000, 0x000000072e200000|100%| E|  |TAMS 0x000000072e000000, 0x000000072e000000| Complete 
| 107|0x000000072e200000, 0x000000072e298560, 0x000000072e400000| 29%| S|CS|TAMS 0x000000072e200000, 0x000000072e200000| Complete 
| 108|0x000000072e400000, 0x000000072e600000, 0x000000072e600000|100%| E|CS|TAMS 0x000000072e400000, 0x000000072e400000| Complete 
| 109|0x000000072e600000, 0x000000072e800000, 0x000000072e800000|100%| E|CS|TAMS 0x000000072e600000, 0x000000072e600000| Complete 
| 110|0x000000072e800000, 0x000000072ea00000, 0x000000072ea00000|100%| E|CS|TAMS 0x000000072e800000, 0x000000072e800000| Complete 
| 111|0x000000072ea00000, 0x000000072ec00000, 0x000000072ec00000|100%| E|CS|TAMS 0x000000072ea00000, 0x000000072ea00000| Complete 

Card table byte_map: [0x0000021fe4c60000,0x0000021fe5360000] _byte_map_base: 0x0000021fe135a000

Marking Bits (Prev, Next): (CMBitMap*) 0x0000021fd9c909c0, (CMBitMap*) 0x0000021fd9c90a00
 Prev Bits: [0x0000021fe5a60000, 0x0000021fe9230000)
 Next Bits: [0x0000021fe9230000, 0x0000021feca00000)

Polling page: 0x0000021fd93f0000

Metaspace:

Usage:
  Non-class:      8.52 MB used.
      Class:      1.29 MB used.
       Both:      9.80 MB used.

Virtual space:
  Non-class space:       64.00 MB reserved,       8.69 MB ( 14%) committed,  1 nodes.
      Class space:        1.00 GB reserved,       1.38 MB ( <1%) committed,  1 nodes.
             Both:        1.06 GB reserved,      10.06 MB ( <1%) committed. 

Chunk freelists:
   Non-Class:  3.28 MB
       Class:  2.58 MB
        Both:  5.87 MB

MaxMetaspaceSize: unlimited
CompressedClassSpaceSize: 1.00 GB
Initial GC threshold: 21.00 MB
Current GC threshold: 21.00 MB
CDS: on
MetaspaceReclaimPolicy: balanced
 - commit_granule_bytes: 65536.
 - commit_granule_words: 8192.
 - virtual_space_node_default_size: 8388608.
 - enlarge_chunks_in_place: 1.
 - new_chunks_are_fully_committed: 0.
 - uncommit_free_chunks: 1.
 - use_allocation_guard: 0.


Internal statistics:

num_allocs_failed_limit: 0.
num_arena_births: 224.
num_arena_deaths: 0.
num_vsnodes_births: 2.
num_vsnodes_deaths: 0.
num_space_committed: 161.
num_space_uncommitted: 0.
num_chunks_returned_to_freelist: 0.
num_chunks_taken_from_freelist: 469.
num_chunk_merges: 0.
num_chunk_splits: 291.
num_chunks_enlarged: 199.
num_inconsistent_stats: 0.

CodeCache: size=49152Kb used=4933Kb max_used=4933Kb free=44218Kb
 bounds [0x0000021fe1560000, 0x0000021fe1a40000, 0x0000021fe4560000]
 total_blobs=2296 nmethods=1829 adapters=392
 compilation: enabled
              stopped_count=0, restarted_count=0
 full_count=0

Compilation events (20 events):
Event: 1.210 Thread 0x0000021feee1ea70 1813       1       org.springframework.core.ResolvableType$DefaultVariableResolver::<init> (10 bytes)
Event: 1.210 Thread 0x0000021feee1ea70 nmethod 1813 0x0000021fe1a2aa10 code [0x0000021fe1a2aba0, 0x0000021fe1a2acb8]
Event: 1.210 Thread 0x0000021feee1ea70 1814       1       org.springframework.core.ResolvableType::forType (17 bytes)
Event: 1.210 Thread 0x0000021ff3a0a120 nmethod 1811 0x0000021fe1a2ad10 code [0x0000021fe1a2af20, 0x0000021fe1a2b2f8]
Event: 1.210 Thread 0x0000021feeda1590 nmethod 1810 0x0000021fe1a2b510 code [0x0000021fe1a2b760, 0x0000021fe1a2c238]
Event: 1.210 Thread 0x0000021ff3a0a120 1815       1       org.springframework.core.ResolvableType::getInterfaces (68 bytes)
Event: 1.210 Thread 0x0000021feee1ea70 nmethod 1814 0x0000021fe1a2c690 code [0x0000021fe1a2c840, 0x0000021fe1a2ca08]
Event: 1.210 Thread 0x0000021feee1ea70 1816       1       sun.reflect.generics.reflectiveObjects.ParameterizedTypeImpl::getActualTypeArguments (11 bytes)
Event: 1.210 Thread 0x0000021feee1ea70 nmethod 1816 0x0000021fe1a2cb10 code [0x0000021fe1a2cca0, 0x0000021fe1a2cde8]
Event: 1.211 Thread 0x0000021feeda1590 1817       1       java.lang.Class::getGenericInterfaces (21 bytes)
Event: 1.211 Thread 0x0000021feee1ea70 1818       1       org.springframework.core.ResolvableType::forClass (9 bytes)
Event: 1.211 Thread 0x0000021feee1ea70 nmethod 1818 0x0000021fe1a2ce90 code [0x0000021fe1a2d020, 0x0000021fe1a2d148]
Event: 1.211 Thread 0x0000021feee1ea70 1819       1       org.springframework.core.ResolvableType::<init> (47 bytes)
Event: 1.211 Thread 0x0000021feeda1590 nmethod 1817 0x0000021fe1a2d210 code [0x0000021fe1a2d3e0, 0x0000021fe1a2d618]
Event: 1.211 Thread 0x0000021ff3a0a120 nmethod 1815 0x0000021fe1a2d790 code [0x0000021fe1a2d9a0, 0x0000021fe1a2dfe8]
Event: 1.211 Thread 0x0000021feee1ea70 nmethod 1819 0x0000021fe1a2e310 code [0x0000021fe1a2e4a0, 0x0000021fe1a2e718]
Event: 1.211 Thread 0x0000021ff3a0a120 1820       1       java.util.Collections$UnmodifiableCollection::iterator (9 bytes)
Event: 1.211 Thread 0x0000021feeda1590 1821       1       java.util.Collections$UnmodifiableCollection$1::<init> (26 bytes)
Event: 1.211 Thread 0x0000021ff3a0a120 nmethod 1820 0x0000021fe1a2e790 code [0x0000021fe1a2e940, 0x0000021fe1a2eb68]
Event: 1.211 Thread 0x0000021feeda1590 nmethod 1821 0x0000021fe1a2ec10 code [0x0000021fe1a2edc0, 0x0000021fe1a2ef88]

GC Heap History (4 events):
Event: 0.712 GC heap before
{Heap before GC invocations=0 (full 0):
 garbage-first heap   total 229376K, used 12288K [0x0000000720c00000, 0x0000000800000000)
  region size 2048K, 6 young (12288K), 0 survivors (0K)
 Metaspace       used 5546K, committed 5760K, reserved 1114112K
  class space    used 638K, committed 768K, reserved 1048576K
}
Event: 0.717 GC heap after
{Heap after GC invocations=1 (full 0):
 garbage-first heap   total 229376K, used 4790K [0x0000000720c00000, 0x0000000800000000)
  region size 2048K, 1 young (2048K), 1 survivors (2048K)
 Metaspace       used 5546K, committed 5760K, reserved 1114112K
  class space    used 638K, committed 768K, reserved 1048576K
}
Event: 0.935 GC heap before
{Heap before GC invocations=1 (full 0):
 garbage-first heap   total 229376K, used 12982K [0x0000000720c00000, 0x0000000800000000)
  region size 2048K, 5 young (10240K), 1 survivors (2048K)
 Metaspace       used 7307K, committed 7488K, reserved 1114112K
  class space    used 879K, committed 960K, reserved 1048576K
}
Event: 0.938 GC heap after
{Heap after GC invocations=2 (full 0):
 garbage-first heap   total 229376K, used 5797K [0x0000000720c00000, 0x0000000800000000)
  region size 2048K, 1 young (2048K), 1 survivors (2048K)
 Metaspace       used 7307K, committed 7488K, reserved 1114112K
  class space    used 879K, committed 960K, reserved 1048576K
}

Deoptimization events (2 events):
Event: 0.403 Thread 0x0000021fd9c29c90 DEOPT PACKING pc=0x0000021fe179fa81 sp=0x000000976abfcf20
Event: 0.403 Thread 0x0000021fd9c29c90 DEOPT UNPACKING pc=0x0000021fe15b2b43 sp=0x000000976abfc390 mode 3

Classes loaded (20 events):
Event: 1.161 Loading class sun/util/resources/TimeZoneNames
Event: 1.161 Loading class sun/util/resources/TimeZoneNames done
Event: 1.161 Loading class sun/util/resources/TimeZoneNames_en
Event: 1.161 Loading class sun/util/resources/TimeZoneNames_en done
Event: 1.164 Loading class java/util/function/IntUnaryOperator
Event: 1.164 Loading class java/util/function/IntUnaryOperator done
Event: 1.164 Loading class java/util/stream/IntPipeline$4
Event: 1.164 Loading class java/util/stream/IntPipeline$4 done
Event: 1.165 Loading class java/util/stream/ForEachOps$ForEachOp$OfInt
Event: 1.165 Loading class java/util/stream/ForEachOps$ForEachOp$OfInt done
Event: 1.165 Loading class java/util/stream/IntPipeline$4$1
Event: 1.165 Loading class java/util/stream/IntPipeline$4$1 done
Event: 1.165 Loading class java/util/RegularEnumSet$EnumSetIterator
Event: 1.166 Loading class java/util/RegularEnumSet$EnumSetIterator done
Event: 1.170 Loading class java/nio/file/attribute/PosixFilePermission
Event: 1.170 Loading class java/nio/file/attribute/PosixFilePermission done
Event: 1.189 Loading class java/util/Stack
Event: 1.189 Loading class java/util/Stack done
Event: 1.189 Loading class java/util/Vector$Itr
Event: 1.189 Loading class java/util/Vector$Itr done

Classes unloaded (0 events):
No events

Classes redefined (0 events):
No events

Internal exceptions (20 events):
Event: 0.986 Thread 0x0000021ff3c65790 Exception <a 'java/lang/NoSuchMethodError'{0x000000072ebf5440}: 'java.lang.Object java.lang.invoke.DirectMethodHandle$Holder.invokeInterface(java.lang.Object, java.lang.Object, java.lang.Object)'> (0x000000072ebf5440) 
thrown [s\open\src\hotspot\share\interpreter\linkResolver.cpp, line 766]
Event: 0.987 Thread 0x0000021ff3c65790 Exception <a 'java/lang/IncompatibleClassChangeError'{0x000000072ebf8dc0}: Found class java.lang.Object, but interface was expected> (0x000000072ebf8dc0) 
thrown [s\open\src\hotspot\share\interpreter\linkResolver.cpp, line 833]
Event: 1.009 Thread 0x0000021ff3c65790 Exception <a 'java/lang/NoSuchMethodError'{0x000000072e903b20}: 'int java.lang.invoke.DirectMethodHandle$Holder.invokeSpecial(java.lang.Object, java.lang.Object, java.lang.Object, java.lang.Object)'> (0x000000072e903b20) 
thrown [s\open\src\hotspot\share\interpreter\linkResolver.cpp, line 766]
Event: 1.035 Thread 0x0000021ff3c65790 Exception <a 'java/lang/NoSuchMethodError'{0x000000072e651b50}: 'java.lang.Object java.lang.invoke.DirectMethodHandle$Holder.newInvokeSpecial(java.lang.Object, java.lang.Object, java.lang.Object, java.lang.Object, java.lang.Object, java.lang.Object)'> (0x000000072e651b50) 
thrown [s\open\src\hotspot\share\interpreter\linkResolver.cpp, line 766]
Event: 1.050 Thread 0x0000021ff3c65790 Exception <a 'java/lang/NoSuchMethodError'{0x000000072e704660}: 'java.lang.Object java.lang.invoke.DirectMethodHandle$Holder.invokeSpecial(java.lang.Object, java.lang.Object, java.lang.Object, java.lang.Object, java.lang.Object, java.lang.Object, int)'> (0x000000072e704660) 
thrown [s\open\src\hotspot\share\interpreter\linkResolver.cpp, line 766]
Event: 1.052 Thread 0x0000021ff3c65790 Exception <a 'java/lang/NoSuchMethodError'{0x000000072e712100}: 'java.lang.Object java.lang.invoke.DirectMethodHandle$Holder.newInvokeSpecial(java.lang.Object, java.lang.Object, java.lang.Object, java.lang.Object, java.lang.Object, java.lang.Object, int)'> (0x000000072e712100) 
thrown [s\open\src\hotspot\share\interpreter\linkResolver.cpp, line 766]
Event: 1.052 Thread 0x0000021ff3c65790 Exception <a 'java/lang/NoSuchMethodError'{0x000000072e717150}: 'java.lang.Object java.lang.invoke.DirectMethodHandle$Holder.invokeSpecial(java.lang.Object, java.lang.Object, java.lang.Object, java.lang.Object, java.lang.Object, java.lang.Object, java.lang.Object, int)'> (0x000000072e717150) 
thrown [s\open\src\hotspot\share\interpreter\linkResolver.cpp, line 766]
Event: 1.096 Thread 0x0000021ff3c65790 Exception <a 'java/lang/NoSuchMethodError'{0x000000072e4c4000}: 'java.lang.Object java.lang.invoke.DirectMethodHandle$Holder.invokeInterface(java.lang.Object, java.lang.Object)'> (0x000000072e4c4000) 
thrown [s\open\src\hotspot\share\interpreter\linkResolver.cpp, line 766]
Event: 1.104 Thread 0x0000021ff3c65790 Exception <a 'java/lang/NoSuchMethodError'{0x000000072e507d40}: 'java.lang.Object java.lang.invoke.DirectMethodHandle$Holder.invokeSpecial(java.lang.Object, java.lang.Object, java.lang.Object, int, java.lang.Object)'> (0x000000072e507d40) 
thrown [s\open\src\hotspot\share\interpreter\linkResolver.cpp, line 766]
Event: 1.105 Thread 0x0000021ff3c65790 Exception <a 'java/lang/NoSuchMethodError'{0x000000072e510418}: 'java.lang.Object java.lang.invoke.DirectMethodHandle$Holder.newInvokeSpecial(java.lang.Object, java.lang.Object, java.lang.Object, int, java.lang.Object)'> (0x000000072e510418) 
thrown [s\open\src\hotspot\share\interpreter\linkResolver.cpp, line 766]
Event: 1.106 Thread 0x0000021ff3c65790 Exception <a 'java/lang/NoSuchMethodError'{0x000000072e517df8}: 'java.lang.Object java.lang.invoke.Invokers$Holder.linkToTargetMethod(java.lang.Object, java.lang.Object, int, java.lang.Object, java.lang.Object)'> (0x000000072e517df8) 
thrown [s\open\src\hotspot\share\interpreter\linkResolver.cpp, line 766]
Event: 1.107 Thread 0x0000021ff3c65790 Exception <a 'java/lang/NoSuchMethodError'{0x000000072e527090}: 'java.lang.Object java.lang.invoke.DirectMethodHandle$Holder.newInvokeSpecial(java.lang.Object, int, java.lang.Object)'> (0x000000072e527090) 
thrown [s\open\src\hotspot\share\interpreter\linkResolver.cpp, line 766]
Event: 1.107 Thread 0x0000021ff3c65790 Exception <a 'java/lang/NoSuchMethodError'{0x000000072e52bae0}: 'int java.lang.invoke.DirectMethodHandle$Holder.invokeSpecialIFC(java.lang.Object, java.lang.Object, java.lang.Object, java.lang.Object)'> (0x000000072e52bae0) 
thrown [s\open\src\hotspot\share\interpreter\linkResolver.cpp, line 766]
Event: 1.128 Thread 0x0000021ff3c65790 Exception <a 'java/lang/NoSuchMethodError'{0x000000072e5fb278}: 'void java.lang.invoke.DirectMethodHandle$Holder.invokeInterface(java.lang.Object, java.lang.Object, java.lang.Object)'> (0x000000072e5fb278) 
thrown [s\open\src\hotspot\share\interpreter\linkResolver.cpp, line 766]
Event: 1.150 Thread 0x0000021ff3c65790 Exception <a 'java/lang/NoSuchMethodError'{0x000000072e0b6d60}: 'java.lang.Object java.lang.invoke.DirectMethodHandle$Holder.invokeVirtual(java.lang.Object, java.lang.Object, java.lang.Object)'> (0x000000072e0b6d60) 
thrown [s\open\src\hotspot\share\interpreter\linkResolver.cpp, line 766]
Event: 1.165 Thread 0x0000021ff3c65790 Exception <a 'java/lang/NoSuchMethodError'{0x000000072e1ee3d8}: 'void java.lang.invoke.DirectMethodHandle$Holder.invokeStatic(java.lang.Object, java.lang.Object, int)'> (0x000000072e1ee3d8) 
thrown [s\open\src\hotspot\share\interpreter\linkResolver.cpp, line 766]
Event: 1.166 Thread 0x0000021ff3c65790 Exception <a 'java/lang/NoSuchMethodError'{0x000000072e1f60f8}: 'void java.lang.invoke.DirectMethodHandle$Holder.invokeStaticInit(java.lang.Object, java.lang.Object)'> (0x000000072e1f60f8) 
thrown [s\open\src\hotspot\share\interpreter\linkResolver.cpp, line 766]
Event: 1.169 Thread 0x0000021ff3c65790 Exception <a 'java/lang/NoSuchMethodError'{0x000000072de3a5d0}: 'void java.lang.invoke.DirectMethodHandle$Holder.invokeStaticInit(java.lang.Object, java.lang.Object, java.lang.Object)'> (0x000000072de3a5d0) 
thrown [s\open\src\hotspot\share\interpreter\linkResolver.cpp, line 766]
Event: 1.181 Thread 0x0000021ff3c65790 Exception <a 'java/lang/NoSuchMethodError'{0x000000072de9e598}: 'void java.lang.invoke.DirectMethodHandle$Holder.invokeVirtual(java.lang.Object, java.lang.Object, java.lang.Object, java.lang.Object)'> (0x000000072de9e598) 
thrown [s\open\src\hotspot\share\interpreter\linkResolver.cpp, line 766]
Event: 1.207 Thread 0x0000021ff3c65790 Exception <a 'java/lang/NoSuchMethodError'{0x000000072dfabf28}: 'void java.lang.invoke.DirectMethodHandle$Holder.invokeSpecial(java.lang.Object, java.lang.Object, java.lang.Object, java.lang.Object, java.lang.Object)'> (0x000000072dfabf28) 
thrown [s\open\src\hotspot\share\interpreter\linkResolver.cpp, line 766]

VM Operations (18 events):
Event: 0.093 Executing VM operation: HandshakeAllThreads
Event: 0.094 Executing VM operation: HandshakeAllThreads done
Event: 0.238 Executing VM operation: HandshakeAllThreads
Event: 0.239 Executing VM operation: HandshakeAllThreads done
Event: 0.491 Executing VM operation: HandshakeAllThreads
Event: 0.491 Executing VM operation: HandshakeAllThreads done
Event: 0.560 Executing VM operation: HandshakeAllThreads
Event: 0.561 Executing VM operation: HandshakeAllThreads done
Event: 0.712 Executing VM operation: G1CollectForAllocation
Event: 0.717 Executing VM operation: G1CollectForAllocation done
Event: 0.724 Executing VM operation: HandshakeAllThreads
Event: 0.724 Executing VM operation: HandshakeAllThreads done
Event: 0.913 Executing VM operation: HandshakeAllThreads
Event: 0.913 Executing VM operation: HandshakeAllThreads done
Event: 0.935 Executing VM operation: G1CollectForAllocation
Event: 0.938 Executing VM operation: G1CollectForAllocation done
Event: 1.086 Executing VM operation: HandshakeAllThreads
Event: 1.086 Executing VM operation: HandshakeAllThreads done

Events (20 events):
Event: 0.038 Thread 0x0000021feeda1590 Thread added: 0x0000021feeda1590
Event: 0.039 Thread 0x0000021feeda2100 Thread added: 0x0000021feeda2100
Event: 0.083 Thread 0x0000021ff30605f0 Thread added: 0x0000021ff30605f0
Event: 0.094 Thread 0x0000021feee1ea70 Thread added: 0x0000021feee1ea70
Event: 0.106 Loaded shared library C:\Program Files\Java\jdk-18.0.1\bin\zip.dll
Event: 0.109 Loaded shared library C:\Program Files\Java\jdk-18.0.1\bin\instrument.dll
Event: 0.116 Loaded shared library C:\Program Files\Java\jdk-18.0.1\bin\net.dll
Event: 0.119 Loaded shared library C:\Program Files\Java\jdk-18.0.1\bin\nio.dll
Event: 0.122 Loaded shared library C:\Program Files\Java\jdk-18.0.1\bin\zip.dll
Event: 0.235 Loaded shared library C:\Program Files\JetBrains\IntelliJ IDEA 2022.1\bin\breakgen64.dll
Event: 0.236 Thread 0x0000021ff3291410 Thread added: 0x0000021ff3291410
Event: 0.236 Thread 0x0000021ff32918d0 Thread added: 0x0000021ff32918d0
Event: 0.243 Loaded shared library C:\Program Files\Java\jdk-18.0.1\bin\jimage.dll
Event: 0.273 Loaded shared library C:\Program Files\Java\jdk-18.0.1\bin\management.dll
Event: 0.285 Loaded shared library C:\Program Files\Java\jdk-18.0.1\bin\management_ext.dll
Event: 0.569 Thread 0x0000021ff33fe620 Thread added: 0x0000021ff33fe620
Event: 0.662 Thread 0x0000021ff3a0a120 Thread added: 0x0000021ff3a0a120
Event: 0.873 Thread 0x0000021ff3ab0840 Thread added: 0x0000021ff3ab0840
Event: 0.879 Thread 0x0000021ff3c65790 Thread added: 0x0000021ff3c65790
Event: 1.209 Thread 0x0000021ff3ea7880 Thread added: 0x0000021ff3ea7880


Dynamic libraries:
0x00007ff750670000 - 0x00007ff750680000 	C:\Program Files\Java\jdk-18.0.1\bin\java.exe
0x00007ff854430000 - 0x00007ff854628000 	C:\Windows\SYSTEM32\ntdll.dll
0x00007ff854330000 - 0x00007ff8543ed000 	C:\Windows\System32\KERNEL32.DLL
0x00007ff851df0000 - 0x00007ff8520be000 	C:\Windows\System32\KERNELBASE.dll
0x00007ff851b50000 - 0x00007ff851c50000 	C:\Windows\System32\ucrtbase.dll
0x00007ff846410000 - 0x00007ff84642a000 	C:\Program Files\Java\jdk-18.0.1\bin\VCRUNTIME140.dll
0x00007ff84d1f0000 - 0x00007ff84d208000 	C:\Program Files\Java\jdk-18.0.1\bin\jli.dll
0x00007ff852650000 - 0x00007ff8526fe000 	C:\Windows\System32\ADVAPI32.dll
0x00007ff8525b0000 - 0x00007ff85264e000 	C:\Windows\System32\msvcrt.dll
0x00007ff852950000 - 0x00007ff8529ec000 	C:\Windows\System32\sechost.dll
0x00007ff852820000 - 0x00007ff852945000 	C:\Windows\System32\RPCRT4.dll
0x00007ff852ca0000 - 0x00007ff852e40000 	C:\Windows\System32\USER32.dll
0x00007ff850f00000 - 0x00007ff85119a000 	C:\Windows\WinSxS\amd64_microsoft.windows.common-controls_6595b64144ccf1df_6.0.19041.1110_none_60b5254171f9507e\COMCTL32.dll
0x00007ff853980000 - 0x00007ff8539aa000 	C:\Windows\System32\GDI32.dll
0x00007ff851ce0000 - 0x00007ff851deb000 	C:\Windows\System32\gdi32full.dll
0x00007ff852130000 - 0x00007ff852152000 	C:\Windows\System32\win32u.dll
0x00007ff852160000 - 0x00007ff8521fd000 	C:\Windows\System32\msvcp_win.dll
0x00007ff849e70000 - 0x00007ff849e7a000 	C:\Windows\SYSTEM32\VERSION.dll
0x00007ff852710000 - 0x00007ff852740000 	C:\Windows\System32\IMM32.DLL
0x00007ff84d220000 - 0x00007ff84d22c000 	C:\Program Files\Java\jdk-18.0.1\bin\vcruntime140_1.dll
0x00007ff846380000 - 0x00007ff84640d000 	C:\Program Files\Java\jdk-18.0.1\bin\msvcp140.dll
0x00007ff801030000 - 0x00007ff801c40000 	C:\Program Files\Java\jdk-18.0.1\bin\server\jvm.dll
0x00007ff848c70000 - 0x00007ff848c97000 	C:\Windows\SYSTEM32\WINMM.dll
0x00007ff83e590000 - 0x00007ff83e599000 	C:\Windows\SYSTEM32\WSOCK32.dll
0x00007ff852540000 - 0x00007ff852548000 	C:\Windows\System32\PSAPI.DLL
0x00007ff852b70000 - 0x00007ff852bdb000 	C:\Windows\System32\WS2_32.dll
0x00007ff84f3d0000 - 0x00007ff84f3e2000 	C:\Windows\SYSTEM32\kernel.appcore.dll
0x00007ff84c5f0000 - 0x00007ff84c5fa000 	C:\Program Files\Java\jdk-18.0.1\bin\jimage.dll
0x00007ff851480000 - 0x00007ff851664000 	C:\Windows\SYSTEM32\DBGHELP.DLL
0x00007ff851450000 - 0x00007ff85147c000 	C:\Windows\SYSTEM32\dbgcore.DLL
0x00007ff851c50000 - 0x00007ff851cd2000 	C:\Windows\System32\bcryptPrimitives.dll
0x00007ff84ed20000 - 0x00007ff84ed2e000 	C:\Program Files\Java\jdk-18.0.1\bin\instrument.dll
0x00007ff846350000 - 0x00007ff846375000 	C:\Program Files\Java\jdk-18.0.1\bin\java.dll
0x00007ff828920000 - 0x00007ff8289f6000 	C:\Program Files\Java\jdk-18.0.1\bin\jsvml.dll
0x00007ff853230000 - 0x00007ff853973000 	C:\Windows\System32\SHELL32.dll
0x00007ff84f5d0000 - 0x00007ff84fd65000 	C:\Windows\SYSTEM32\windows.storage.dll
0x00007ff852e40000 - 0x00007ff853194000 	C:\Windows\System32\combase.dll
0x00007ff850e00000 - 0x00007ff850e30000 	C:\Windows\SYSTEM32\Wldp.dll
0x00007ff853e20000 - 0x00007ff853ecd000 	C:\Windows\System32\SHCORE.dll
0x00007ff852550000 - 0x00007ff8525a5000 	C:\Windows\System32\shlwapi.dll
0x00007ff851a90000 - 0x00007ff851aaf000 	C:\Windows\SYSTEM32\profapi.dll
0x00007ff839da0000 - 0x00007ff839db8000 	C:\Program Files\Java\jdk-18.0.1\bin\zip.dll
0x00007ff846330000 - 0x00007ff846343000 	C:\Program Files\Java\jdk-18.0.1\bin\net.dll
0x00007ff8446c0000 - 0x00007ff8447ca000 	C:\Windows\SYSTEM32\WINHTTP.dll
0x00007ff850b50000 - 0x00007ff850bba000 	C:\Windows\system32\mswsock.dll
0x00007ff846310000 - 0x00007ff846326000 	C:\Program Files\Java\jdk-18.0.1\bin\nio.dll
0x00007ff84cc10000 - 0x00007ff84cc2a000 	C:\Program Files\JetBrains\IntelliJ IDEA 2022.1\bin\breakgen64.dll
0x00007ff8508b0000 - 0x00007ff85097a000 	C:\Windows\SYSTEM32\DNSAPI.dll
0x00007ff850870000 - 0x00007ff8508ab000 	C:\Windows\SYSTEM32\IPHLPAPI.DLL
0x00007ff852700000 - 0x00007ff852708000 	C:\Windows\System32\NSI.dll
0x0000000065bd0000 - 0x0000000065bf6000 	C:\Program Files\Bonjour\mdnsNSP.dll
0x00007ff8440b0000 - 0x00007ff8440ba000 	C:\Windows\System32\rasadhlp.dll
0x00007ff844150000 - 0x00007ff8441d0000 	C:\Windows\System32\fwpuclnt.dll
0x00007ff852410000 - 0x00007ff852437000 	C:\Windows\System32\bcrypt.dll
0x00007ff849ed0000 - 0x00007ff849ed9000 	C:\Program Files\Java\jdk-18.0.1\bin\management.dll
0x00007ff849ec0000 - 0x00007ff849ecb000 	C:\Program Files\Java\jdk-18.0.1\bin\management_ext.dll
0x00007ff851810000 - 0x00007ff851828000 	C:\Windows\SYSTEM32\CRYPTSP.dll
0x00007ff850520000 - 0x00007ff850554000 	C:\Windows\system32\rsaenh.dll
0x00007ff851a50000 - 0x00007ff851a7e000 	C:\Windows\SYSTEM32\USERENV.dll
0x00007ff850dd0000 - 0x00007ff850ddc000 	C:\Windows\SYSTEM32\CRYPTBASE.dll
0x00007ff84bd50000 - 0x00007ff84bd67000 	C:\Windows\SYSTEM32\dhcpcsvc6.DLL
0x00007ff84bd30000 - 0x00007ff84bd4d000 	C:\Windows\SYSTEM32\dhcpcsvc.DLL
0x00007ff838a70000 - 0x00007ff838a87000 	C:\Windows\system32\napinsp.dll
0x00007ff838a50000 - 0x00007ff838a6b000 	C:\Windows\system32\pnrpnsp.dll
0x00007ff8389a0000 - 0x00007ff8389b5000 	C:\Windows\system32\wshbth.dll
0x00007ff84d0f0000 - 0x00007ff84d10d000 	C:\Windows\system32\NLAapi.dll
0x00007ff838230000 - 0x00007ff838242000 	C:\Windows\System32\winrnr.dll

dbghelp: loaded successfully - version: 4.0.5 - missing functions: none
symbol engine: initialized successfully - sym options: 0x614 - pdb path: .;C:\Program Files\Java\jdk-18.0.1\bin;C:\Windows\SYSTEM32;C:\Windows\WinSxS\amd64_microsoft.windows.common-controls_6595b64144ccf1df_6.0.19041.1110_none_60b5254171f9507e;C:\Program Files\Java\jdk-18.0.1\bin\server;C:\Program Files\JetBrains\IntelliJ IDEA 2022.1\bin;C:\Program Files\Bonjour

VM Arguments:
jvm_args: -XX:TieredStopAtLevel=1 -Xverify:none -Dspring.output.ansi.enabled=always -Dcom.sun.management.jmxremote -Dspring.jmx.enabled=true -Dspring.liveBeansView.mbeanDomain -Dspring.application.admin.enabled=true -javaagent:C:\Program Files\JetBrains\IntelliJ IDEA 2022.1\lib\idea_rt.jar=64050:C:\Program Files\JetBrains\IntelliJ IDEA 2022.1\bin -Dfile.encoding=UTF-8 
java_command: com.example.springbootimp.SpringBootImpApplication
java_class_path (initial): C:\Users\LPC\Desktop\Atypon\Grading System\third\spring-boot-imp\target\classes;C:\Users\LPC\.m2\repository\org\springframework\boot\spring-boot-starter-web\2.7.4\spring-boot-starter-web-2.7.4.jar;C:\Users\LPC\.m2\repository\org\springframework\boot\spring-boot-starter\2.7.4\spring-boot-starter-2.7.4.jar;C:\Users\LPC\.m2\repository\org\springframework\boot\spring-boot-starter-logging\2.7.4\spring-boot-starter-logging-2.7.4.jar;C:\Users\LPC\.m2\repository\ch\qos\logback\logback-classic\1.2.11\logback-classic-1.2.11.jar;C:\Users\LPC\.m2\repository\ch\qos\logback\logback-core\1.2.11\logback-core-1.2.11.jar;C:\Users\LPC\.m2\repository\org\apache\logging\log4j\log4j-to-slf4j\2.17.2\log4j-to-slf4j-2.17.2.jar;C:\Users\LPC\.m2\repository\org\apache\logging\log4j\log4j-api\2.17.2\log4j-api-2.17.2.jar;C:\Users\LPC\.m2\repository\org\slf4j\jul-to-slf4j\1.7.36\jul-to-slf4j-1.7.36.jar;C:\Users\LPC\.m2\repository\jakarta\annotation\jakarta.annotation-api\1.3.5\jakarta.annotation-api-1.3.5.jar;C:\Users\LPC\.m2\repository\org\yaml\snakeyaml\1.30\snakeyaml-1.30.jar;C:\Users\LPC\.m2\repository\org\springframework\boot\spring-boot-starter-json\2.7.4\spring-boot-starter-json-2.7.4.jar;C:\Users\LPC\.m2\repository\com\fasterxml\jackson\core\jackson-databind\2.13.4\jackson-databind-2.13.4.jar;C:\Users\LPC\.m2\repository\com\fasterxml\jackson\core\jackson-annotations\2.13.4\jackson-annotations-2.13.4.jar;C:\Users\LPC\.m2\repository\com\fasterxml\jackson\core\jackson-core\2.13.4\jackson-core-2.13.4.jar;C:\Users\LPC\.m2\repository\com\fasterxml\jackson\datatype\jackson-datatype-jdk8\2.13.4\jackson-datatype-jdk8-2.13.4.jar;C:\Users\LPC\.m2\repository\com\fasterxml\jackson\datatype\jackson-datatype-jsr310\2.13.4\jackson-datatype-jsr310-2.13.4.jar;C:\Users\LPC\.m2\repository\com\fasterxml\jackson\module\jackson-module-parameter-names\2.13.4\jackson-module-parameter-names-2.13.4.jar;C:\Users\LPC\.m2\repository\org\springframework\boot\spring-boot-starter-tomcat\2.7.4\spring-boot-starter-tomcat-2.7.4.jar;C:\Users\LPC\.m2\repository\org\apache\tomcat\embed\tomcat-embed-core\9.0.65\tomcat-embed-core-9.0.65.jar;C:\Users\LPC\.m2\repository\org\apache\tomcat\embed\tomcat-embed-el\9.0.65\tomcat-embed-el-9.0.65.jar;C:\Users\LPC\.m2\repository\org\apache\tomcat\embed\tomcat-embed-websocket\9.0.65\tomcat-embed-websocket-9.0.65.jar;C:\Users\LPC\.m2\repository\org\springframework\spring-web\5.3.23\spring-web-5.3.23.jar;C:\Users\LPC\.m2\repository\org\springframework\spring-beans\5.3.23\spring-beans-5.3.23.jar;C:\Users\LPC\.m2\repository\org\springframework\spring-webmvc\5.3.23\spring-webmvc-5.3.23.jar;C:\Users\LPC\.m2\repository\org\springframework\spring-aop\5.3.23\spring-aop-5.3.23.jar;C:\Users\LPC\.m2\repository\org\springframework\spring-context\5.3.23\spring-context-5.3.23.jar;C:\Users\LPC\.m2\repository\org\springframework\spring-expression\5.3.23\spring-expression-5.3.23.jar;C:\Users\LPC\.m2\repository\org\springframework\boot\spring-boot-devtools\2.7.4\spring-boot-devtools-2.7.4.jar;C:\Users\LPC\.m2\repository\org\springframework\boot\spring-boot\2.7.4\spring-boot-2.7.4.jar;C:\Users\LPC\.m2\repository\org\springframework\boot\spring-boot-autoconfigure\2.7.4\spring-boot-autoconfigure-2.7.4.jar;C:\Users\LPC\.m2\repository\mysql\mysql-connector-java\8.0.30\mysql-connector-java-8.0.30.jar;C:\Users\LPC\.m2\repository\org\projectlombok\lombok\1.18.24\lombok-1.18.24.jar;C:\Users\LPC\.m2\repository\org\slf4j\slf4j-api\1.7.36\slf4j-api-1.7.36.jar;C:\Users\LPC\.m2\repository\org\springframework\spring-core\5.3.23\spring-core-5.3.23.jar;C:\Users\LPC\.m2\repository\org\springframework\spring-jcl\5.3.23\spring-jcl-5.3.23.jar;C:\Users\LPC\.m2\repository\javax\javaee-web-api\6.0\javaee-web-api-6.0.jar;C:\Users\LPC\.m2\repository\com\google\code\gson\gson\2.8.5\gson-2.8.5.jar
Launcher Type: SUN_STANDARD

[Global flags]
     intx CICompilerCount                          = 3                                         {product} {ergonomic}
     uint ConcGCThreads                            = 1                                         {product} {ergonomic}
     uint G1ConcRefinementThreads                  = 4                                         {product} {ergonomic}
   size_t G1HeapRegionSize                         = 2097152                                   {product} {ergonomic}
    uintx GCDrainStackTargetSize                   = 64                                        {product} {ergonomic}
   size_t InitialHeapSize                          = 234881024                                 {product} {ergonomic}
     bool ManagementServer                         = true                                      {product} {command line}
   size_t MarkStackSize                            = 4194304                                   {product} {ergonomic}
   size_t MaxHeapSize                              = 3745513472                                {product} {ergonomic}
   size_t MaxNewSize                               = 2246049792                                {product} {ergonomic}
   size_t MinHeapDeltaBytes                        = 2097152                                   {product} {ergonomic}
   size_t MinHeapSize                              = 8388608                                   {product} {ergonomic}
    uintx NonProfiledCodeHeapSize                  = 0                                      {pd product} {ergonomic}
     bool ProfileInterpreter                       = false                                  {pd product} {command line}
    uintx ProfiledCodeHeapSize                     = 0                                      {pd product} {ergonomic}
   size_t SoftMaxHeapSize                          = 3745513472                             {manageable} {ergonomic}
     intx TieredStopAtLevel                        = 1                                         {product} {command line}
     bool UseCompressedClassPointers               = true                           {product lp64_product} {ergonomic}
     bool UseCompressedOops                        = true                           {product lp64_product} {ergonomic}
     bool UseG1GC                                  = true                                      {product} {ergonomic}
     bool UseLargePagesIndividualAllocation        = false                                  {pd product} {ergonomic}

Logging:
Log output configuration:
 #0: stdout all=warning uptime,level,tags foldmultilines=false
 #1: stderr all=off uptime,level,tags foldmultilines=false

Environment Variables:
JAVA_HOME=C:\Program Files\Java\jdk-18.0.1
PATH=C:\Program Files\Common Files\Oracle\Java\javapath;C:\ProgramData\Oracle\Java\javapath;C:\Windows\system32;C:\Windows;C:\Windows\System32\Wbem;C:\Windows\System32\WindowsPowerShell\v1.0\;C:\Windows\System32\OpenSSH\;C:\Program Files\Git\cmd;C:\Program Files\nodejs\;C:\Program Files\MATLAB\R2007b\bin;C:\Program Files\MATLAB\R2007b\bin\win64;C:\Program Files\Java\jdk-18.0.1\bin;C:\Program Files\apache-maven-3.8.6\bin;;C:\Program Files\Docker\Docker\resources\bin;C:\ProgramData\DockerDesktop\version-bin;C:\Program Files\MySQL\MySQL Shell 8.0\bin\;C:\Users\LPC\AppData\Local\Programs\Python\Python39\Scripts\;C:\Users\LPC\AppData\Local\Programs\Python\Python39\;C:\Users\LPC\AppData\Local\Microsoft\WindowsApps;C:\Users\LPC\AppData\Local\Programs\Microsoft VS Code\bin;C:\MinGW\bin;C:\Users\LPC\Development\SDK\flutter\bin;"C:\Users\LPC\AppData\Roaming\npm;C:\Program Files(x86)\nodejs";C:\Users\LPC\AppData\Roaming\npm
USERNAME=LPC
OS=Windows_NT
PROCESSOR_IDENTIFIER=AMD64 Family 23 Model 24 Stepping 1, AuthenticAMD



---------------  S Y S T E M  ---------------

OS:
 Windows 10 , 64 bit Build 19041 (10.0.19041.1889)
OS uptime: 6 days 20:23 hours
Hyper-V role detected

CPU: total 4 (initial active 4) (4 cores per cpu, 1 threads per core) family 23 model 24 stepping 1 microcode 0x0, cx8, cmov, fxsr, mmx, 3dnowpref, sse, sse2, sse3, ssse3, sse4a, sse4.1, sse4.2, popcnt, lzcnt, tsc, tscinvbit, avx, avx2, aes, clmul, bmi1, bmi2, adx, sha, fma, vzeroupper, clflush, clflushopt, hv

Memory: 4k page, system-wide physical 14284M (3601M free)
TotalPageFile size 28568M (AvailPageFile size 12078M)
current process WorkingSet (physical memory assigned to process): 76M, peak: 76M
current process commit charge ("private bytes"): 318M, peak: 318M

vm_info: Java HotSpot(TM) 64-Bit Server VM (18.0.1+10-24) for windows-amd64 JRE (18.0.1+10-24), built on Mar  9 2022 22:41:56 by "mach5one" with MS VC++ 16.8 / 16.9 (VS2019)

END.
